<?xml version="1.0" encoding="UTF-8"?>
<testsuite xmlns:xsi="http://www.w3.org/2001/XMLSchema-instance" xsi:noNamespaceSchemaLocation="https://maven.apache.org/surefire/maven-surefire-plugin/xsd/surefire-test-report-3.0.xsd" version="3.0" name="OpTest" time="0.039" tests="5" errors="0" skipped="0" failures="0">
  <properties>
[...]
</properties>
  <testcase name="addTest" classname="OpTest" time="0.021"/>
  <testcase name="multiplyTest" classname="OpTest" time="0.001"/>
  <testcase name="derivateTest" classname="OpTest" time="0"/>
  <testcase name="subtractTest" classname="OpTest" time="0"/>
  <testcase name="integralTest" classname="OpTest" time="0"/>
</testsuite>